# JRE version: OpenJDK Runtime Environment (17.0.6) (build 17.0.6+0-b2043.56-10027231)
# Java VM: OpenJDK 64-Bit Server VM (17.0.6+0-b2043.56-10027231, mixed mode, tiered, compressed oops, compressed class ptrs, g1 gc, windows-amd64)
GC Precious Log:
 CPUs: 4 total, 4 available
 Memory: 3838M
 Large Page Support: Disabled
 NUMA Support: Disabled
 Compressed Oops: Enabled (32-bit)
 Heap Region Size: 1M
 Heap Min Capacity: 8M
 Heap Initial Capacity: 60M
 Heap Max Capacity: 2G
 Pre-touch: Disabled
 Parallel Workers: 4
 Concurrent Workers: 1
 Concurrent Refinement Workers: 4
 Periodic GC: Disabled
Heap:
 garbage-first heap   total 415744K, used 339364K [0x0000000080000000, 0x0000000100000000)
  region size 1024K, 119 young (121856K), 2 survivors (2048K)
 Metaspace       used 127907K, committed 128832K, reserved 1163264K
  class space    used 16711K, committed 17088K, reserved 1048576K
GC Heap History (20 events):
Event: 958.020 GC heap before
{Heap before GC invocations=224 (full 0):
 garbage-first heap   total 285696K, used 247376K [0x0000000080000000, 0x0000000100000000)
  region size 1024K, 41 young (41984K), 4 survivors (4096K)
 Metaspace       used 127794K, committed 128640K, reserved 1163264K
  class space    used 16711K, committed 17088K, reserved 1048576K
}
Event: 958.026 GC heap after
{Heap after GC invocations=225 (full 0):
 garbage-first heap   total 285696K, used 209950K [0x0000000080000000, 0x0000000100000000)
  region size 1024K, 4 young (4096K), 4 survivors (4096K)
 Metaspace       used 127794K, committed 128640K, reserved 1163264K
  class space    used 16711K, committed 17088K, reserved 1048576K
}
Event: 962.967 GC heap before
{Heap before GC invocations=225 (full 0):
 garbage-first heap   total 285696K, used 248862K [0x0000000080000000, 0x0000000100000000)
  region size 1024K, 42 young (43008K), 4 survivors (4096K)
 Metaspace       used 127843K, committed 128768K, reserved 1163264K
  class space    used 16711K, committed 17088K, reserved 1048576K
}
Event: 962.987 GC heap after
{Heap after GC invocations=226 (full 0):
 garbage-first heap   total 285696K, used 209640K [0x0000000080000000, 0x0000000100000000)
  region size 1024K, 3 young (3072K), 3 survivors (3072K)
 Metaspace       used 127843K, committed 128768K, reserved 1163264K
  class space    used 16711K, committed 17088K, reserved 1048576K
}
Event: 970.660 GC heap before
{Heap before GC invocations=226 (full 0):
 garbage-first heap   total 285696K, used 248552K [0x0000000080000000, 0x0000000100000000)
  region size 1024K, 42 young (43008K), 3 survivors (3072K)
 Metaspace       used 127877K, committed 128832K, reserved 1163264K
  class space    used 16711K, committed 17088K, reserved 1048576K
}
Event: 970.669 GC heap after
{Heap after GC invocations=227 (full 0):
 garbage-first heap   total 285696K, used 210664K [0x0000000080000000, 0x0000000100000000)
  region size 1024K, 4 young (4096K), 4 survivors (4096K)
 Metaspace       used 127877K, committed 128832K, reserved 1163264K
  class space    used 16711K, committed 17088K, reserved 1048576K
}
Event: 971.344 GC heap before
{Heap before GC invocations=227 (full 0):
 garbage-first heap   total 285696K, used 248552K [0x0000000080000000, 0x0000000100000000)
  region size 1024K, 42 young (43008K), 4 survivors (4096K)
 Metaspace       used 127877K, committed 128832K, reserved 1163264K
  class space    used 16711K, committed 17088K, reserved 1048576K
}
Event: 971.386 GC heap after
{Heap after GC invocations=228 (full 0):
 garbage-first heap   total 285696K, used 210685K [0x0000000080000000, 0x0000000100000000)
  region size 1024K, 3 young (3072K), 3 survivors (3072K)
 Metaspace       used 127877K, committed 128832K, reserved 1163264K
  class space    used 16711K, committed 17088K, reserved 1048576K
}
Event: 973.021 GC heap before
{Heap before GC invocations=228 (full 0):
 garbage-first heap   total 285696K, used 238333K [0x0000000080000000, 0x0000000100000000)
  region size 1024K, 27 young (27648K), 3 survivors (3072K)
 Metaspace       used 127879K, committed 128832K, reserved 1163264K
  class space    used 16711K, committed 17088K, reserved 1048576K
}
Event: 973.029 GC heap after
{Heap after GC invocations=229 (full 0):
 garbage-first heap   total 285696K, used 210251K [0x0000000080000000, 0x0000000100000000)
  region size 1024K, 3 young (3072K), 3 survivors (3072K)
 Metaspace       used 127879K, committed 128832K, reserved 1163264K
  class space    used 16711K, committed 17088K, reserved 1048576K
}
Event: 973.255 GC heap before
{Heap before GC invocations=229 (full 0):
 garbage-first heap   total 285696K, used 216395K [0x0000000080000000, 0x0000000100000000)
  region size 1024K, 5 young (5120K), 3 survivors (3072K)
 Metaspace       used 127879K, committed 128832K, reserved 1163264K
  class space    used 16711K, committed 17088K, reserved 1048576K
}
Event: 973.265 GC heap after
{Heap after GC invocations=230 (full 0):
 garbage-first heap   total 285696K, used 213111K [0x0000000080000000, 0x0000000100000000)
  region size 1024K, 3 young (3072K), 3 survivors (3072K)
 Metaspace       used 127879K, committed 128832K, reserved 1163264K
  class space    used 16711K, committed 17088K, reserved 1048576K
}
Event: 973.418 GC heap before
{Heap before GC invocations=230 (full 0):
 garbage-first heap   total 285696K, used 218231K [0x0000000080000000, 0x0000000100000000)
  region size 1024K, 4 young (4096K), 3 survivors (3072K)
 Metaspace       used 127882K, committed 128832K, reserved 1163264K
  class space    used 16711K, committed 17088K, reserved 1048576K
}
Event: 973.435 GC heap after
{Heap after GC invocations=231 (full 0):
 garbage-first heap   total 285696K, used 215004K [0x0000000080000000, 0x0000000100000000)
  region size 1024K, 3 young (3072K), 3 survivors (3072K)
 Metaspace       used 127882K, committed 128832K, reserved 1163264K
  class space    used 16711K, committed 17088K, reserved 1048576K
}
Event: 973.801 GC heap before
{Heap before GC invocations=231 (full 0):
 garbage-first heap   total 285696K, used 254940K [0x0000000080000000, 0x0000000100000000)
  region size 1024K, 37 young (37888K), 3 survivors (3072K)
 Metaspace       used 127883K, committed 128832K, reserved 1163264K
  class space    used 16711K, committed 17088K, reserved 1048576K
}
Event: 973.815 GC heap after
{Heap after GC invocations=232 (full 0):
 garbage-first heap   total 285696K, used 220246K [0x0000000080000000, 0x0000000100000000)
  region size 1024K, 5 young (5120K), 5 survivors (5120K)
 Metaspace       used 127883K, committed 128832K, reserved 1163264K
  class space    used 16711K, committed 17088K, reserved 1048576K
}
Event: 974.093 GC heap before
{Heap before GC invocations=232 (full 0):
 garbage-first heap   total 285696K, used 246870K [0x0000000080000000, 0x0000000100000000)
  region size 1024K, 32 young (32768K), 5 survivors (5120K)
 Metaspace       used 127900K, committed 128832K, reserved 1163264K
  class space    used 16711K, committed 17088K, reserved 1048576K
}
Event: 974.107 GC heap after
{Heap after GC invocations=233 (full 0):
 garbage-first heap   total 285696K, used 223155K [0x0000000080000000, 0x0000000100000000)
  region size 1024K, 3 young (3072K), 3 survivors (3072K)
 Metaspace       used 127900K, committed 128832K, reserved 1163264K
  class space    used 16711K, committed 17088K, reserved 1048576K
}
Event: 974.261 GC heap before
{Heap before GC invocations=233 (full 0):
 garbage-first heap   total 285696K, used 247731K [0x0000000080000000, 0x0000000100000000)
  region size 1024K, 28 young (28672K), 3 survivors (3072K)
 Metaspace       used 127901K, committed 128832K, reserved 1163264K
  class space    used 16711K, committed 17088K, reserved 1048576K
}
Event: 974.271 GC heap after
{Heap after GC invocations=234 (full 0):
 garbage-first heap   total 415744K, used 224676K [0x0000000080000000, 0x0000000100000000)
  region size 1024K, 2 young (2048K), 2 survivors (2048K)
 Metaspace       used 127901K, committed 128832K, reserved 1163264K
  class space    used 16711K, committed 17088K, reserved 1048576K
}

