# JRE version: OpenJDK Runtime Environment Temurin-17.0.8.1+1 (17.0.8.1+1) (build 17.0.8.1+1)
# Java VM: OpenJDK 64-Bit Server VM Temurin-17.0.8.1+1 (17.0.8.1+1, mixed mode, tiered, compressed oops, compressed class ptrs, parallel gc, windows-amd64)
GC Precious Log:
 CPUs: 4 total, 4 available
 Memory: 3838M
 Large Page Support: Disabled
 NUMA Support: Disabled
 Compressed Oops: Enabled (32-bit)
 Alignments: Space 512K, Generation 512K, Heap 2M
 Heap Min Capacity: 100M
 Heap Initial Capacity: 100M
 Heap Max Capacity: 1G
 Pre-touch: Disabled
 Parallel Workers: 4
Heap:
 PSYoungGen      total 1536K, used 606K [0x00000000eab00000, 0x00000000eae00000, 0x0000000100000000)
  eden space 1024K, 30% used [0x00000000eab00000,0x00000000eab4eff8,0x00000000eac00000)
  from space 512K, 56% used [0x00000000ead80000,0x00000000eadc8ae8,0x00000000eae00000)
  to   space 512K, 0% used [0x00000000ead00000,0x00000000ead00000,0x00000000ead80000)
 ParOldGen       total 65024K, used 63395K [0x00000000c0000000, 0x00000000c3f80000, 0x00000000eab00000)
  object space 65024K, 97% used [0x00000000c0000000,0x00000000c3de8c68,0x00000000c3f80000)
 Metaspace       used 73262K, committed 74240K, reserved 1179648K
  class space    used 8810K, committed 9216K, reserved 1048576K
GC Heap History (20 events):
Event: 533.932 GC heap before
{Heap before GC invocations=337 (full 9):
 PSYoungGen      total 1536K, used 1152K [0x00000000eab00000, 0x00000000eae00000, 0x0000000100000000)
  eden space 1024K, 100% used [0x00000000eab00000,0x00000000eac00000,0x00000000eac00000)
  from space 512K, 25% used [0x00000000ead00000,0x00000000ead20000,0x00000000ead80000)
  to   space 512K, 0% used [0x00000000ead80000,0x00000000ead80000,0x00000000eae00000)
 ParOldGen       total 65024K, used 61921K [0x00000000c0000000, 0x00000000c3f80000, 0x00000000eab00000)
  object space 65024K, 95% used [0x00000000c0000000,0x00000000c3c787c0,0x00000000c3f80000)
 Metaspace       used 72387K, committed 73408K, reserved 1114112K
  class space    used 8685K, committed 9088K, reserved 1048576K
}
Event: 533.933 GC heap after
{Heap after GC invocations=337 (full 9):
 PSYoungGen      total 1536K, used 128K [0x00000000eab00000, 0x00000000eae00000, 0x0000000100000000)
  eden space 1024K, 0% used [0x00000000eab00000,0x00000000eab00000,0x00000000eac00000)
  from space 512K, 25% used [0x00000000ead80000,0x00000000eada0000,0x00000000eae00000)
  to   space 512K, 0% used [0x00000000ead00000,0x00000000ead00000,0x00000000ead80000)
 ParOldGen       total 65024K, used 61929K [0x00000000c0000000, 0x00000000c3f80000, 0x00000000eab00000)
  object space 65024K, 95% used [0x00000000c0000000,0x00000000c3c7a7c0,0x00000000c3f80000)
 Metaspace       used 72387K, committed 73408K, reserved 1114112K
  class space    used 8685K, committed 9088K, reserved 1048576K
}
Event: 535.678 GC heap before
{Heap before GC invocations=338 (full 9):
 PSYoungGen      total 1536K, used 1152K [0x00000000eab00000, 0x00000000eae00000, 0x0000000100000000)
  eden space 1024K, 100% used [0x00000000eab00000,0x00000000eac00000,0x00000000eac00000)
  from space 512K, 25% used [0x00000000ead80000,0x00000000eada0000,0x00000000eae00000)
  to   space 512K, 0% used [0x00000000ead00000,0x00000000ead00000,0x00000000ead80000)
 ParOldGen       total 65024K, used 61929K [0x00000000c0000000, 0x00000000c3f80000, 0x00000000eab00000)
  object space 65024K, 95% used [0x00000000c0000000,0x00000000c3c7a7c0,0x00000000c3f80000)
 Metaspace       used 72408K, committed 73408K, reserved 1114112K
  class space    used 8686K, committed 9088K, reserved 1048576K
}
Event: 535.680 GC heap after
{Heap after GC invocations=338 (full 9):
 PSYoungGen      total 1536K, used 96K [0x00000000eab00000, 0x00000000eae00000, 0x0000000100000000)
  eden space 1024K, 0% used [0x00000000eab00000,0x00000000eab00000,0x00000000eac00000)
  from space 512K, 18% used [0x00000000ead00000,0x00000000ead18000,0x00000000ead80000)
  to   space 512K, 0% used [0x00000000ead80000,0x00000000ead80000,0x00000000eae00000)
 ParOldGen       total 65024K, used 61937K [0x00000000c0000000, 0x00000000c3f80000, 0x00000000eab00000)
  object space 65024K, 95% used [0x00000000c0000000,0x00000000c3c7c7c0,0x00000000c3f80000)
 Metaspace       used 72408K, committed 73408K, reserved 1114112K
  class space    used 8686K, committed 9088K, reserved 1048576K
}
Event: 539.461 GC heap before
{Heap before GC invocations=339 (full 9):
 PSYoungGen      total 1536K, used 1120K [0x00000000eab00000, 0x00000000eae00000, 0x0000000100000000)
  eden space 1024K, 100% used [0x00000000eab00000,0x00000000eac00000,0x00000000eac00000)
  from space 512K, 18% used [0x00000000ead00000,0x00000000ead18000,0x00000000ead80000)
  to   space 512K, 0% used [0x00000000ead80000,0x00000000ead80000,0x00000000eae00000)
 ParOldGen       total 65024K, used 61937K [0x00000000c0000000, 0x00000000c3f80000, 0x00000000eab00000)
  object space 65024K, 95% used [0x00000000c0000000,0x00000000c3c7c7c0,0x00000000c3f80000)
 Metaspace       used 72432K, committed 73408K, reserved 1114112K
  class space    used 8689K, committed 9088K, reserved 1048576K
}
Event: 539.464 GC heap after
{Heap after GC invocations=339 (full 9):
 PSYoungGen      total 1536K, used 160K [0x00000000eab00000, 0x00000000eae00000, 0x0000000100000000)
  eden space 1024K, 0% used [0x00000000eab00000,0x00000000eab00000,0x00000000eac00000)
  from space 512K, 31% used [0x00000000ead80000,0x00000000eada8000,0x00000000eae00000)
  to   space 512K, 0% used [0x00000000ead00000,0x00000000ead00000,0x00000000ead80000)
 ParOldGen       total 65024K, used 61937K [0x00000000c0000000, 0x00000000c3f80000, 0x00000000eab00000)
  object space 65024K, 95% used [0x00000000c0000000,0x00000000c3c7c7c0,0x00000000c3f80000)
 Metaspace       used 72432K, committed 73408K, reserved 1114112K
  class space    used 8689K, committed 9088K, reserved 1048576K
}
Event: 539.586 GC heap before
{Heap before GC invocations=340 (full 9):
 PSYoungGen      total 1536K, used 1178K [0x00000000eab00000, 0x00000000eae00000, 0x0000000100000000)
  eden space 1024K, 99% used [0x00000000eab00000,0x00000000eabfe960,0x00000000eac00000)
  from space 512K, 31% used [0x00000000ead80000,0x00000000eada8000,0x00000000eae00000)
  to   space 512K, 0% used [0x00000000ead00000,0x00000000ead00000,0x00000000ead80000)
 ParOldGen       total 65024K, used 61937K [0x00000000c0000000, 0x00000000c3f80000, 0x00000000eab00000)
  object space 65024K, 95% used [0x00000000c0000000,0x00000000c3c7c7c0,0x00000000c3f80000)
 Metaspace       used 72483K, committed 73536K, reserved 1114112K
  class space    used 8696K, committed 9152K, reserved 1048576K
}
Event: 539.589 GC heap after
{Heap after GC invocations=340 (full 9):
 PSYoungGen      total 1536K, used 325K [0x00000000eab00000, 0x00000000eae00000, 0x0000000100000000)
  eden space 1024K, 0% used [0x00000000eab00000,0x00000000eab00000,0x00000000eac00000)
  from space 512K, 63% used [0x00000000ead00000,0x00000000ead515b0,0x00000000ead80000)
  to   space 512K, 0% used [0x00000000ead80000,0x00000000ead80000,0x00000000eae00000)
 ParOldGen       total 65024K, used 61945K [0x00000000c0000000, 0x00000000c3f80000, 0x00000000eab00000)
  object space 65024K, 95% used [0x00000000c0000000,0x00000000c3c7e7c0,0x00000000c3f80000)
 Metaspace       used 72483K, committed 73536K, reserved 1114112K
  class space    used 8696K, committed 9152K, reserved 1048576K
}
Event: 539.605 GC heap before
{Heap before GC invocations=341 (full 9):
 PSYoungGen      total 1536K, used 1349K [0x00000000eab00000, 0x00000000eae00000, 0x0000000100000000)
  eden space 1024K, 100% used [0x00000000eab00000,0x00000000eac00000,0x00000000eac00000)
  from space 512K, 63% used [0x00000000ead00000,0x00000000ead515b0,0x00000000ead80000)
  to   space 512K, 0% used [0x00000000ead80000,0x00000000ead80000,0x00000000eae00000)
 ParOldGen       total 65024K, used 61945K [0x00000000c0000000, 0x00000000c3f80000, 0x00000000eab00000)
  object space 65024K, 95% used [0x00000000c0000000,0x00000000c3c7e7c0,0x00000000c3f80000)
 Metaspace       used 72489K, committed 73536K, reserved 1114112K
  class space    used 8696K, committed 9152K, reserved 1048576K
}
Event: 539.607 GC heap after
{Heap after GC invocations=341 (full 9):
 PSYoungGen      total 1536K, used 160K [0x00000000eab00000, 0x00000000eae00000, 0x0000000100000000)
  eden space 1024K, 0% used [0x00000000eab00000,0x00000000eab00000,0x00000000eac00000)
  from space 512K, 31% used [0x00000000ead80000,0x00000000eada8000,0x00000000eae00000)
  to   space 512K, 0% used [0x00000000ead00000,0x00000000ead00000,0x00000000ead80000)
 ParOldGen       total 65024K, used 61953K [0x00000000c0000000, 0x00000000c3f80000, 0x00000000eab00000)
  object space 65024K, 95% used [0x00000000c0000000,0x00000000c3c807c0,0x00000000c3f80000)
 Metaspace       used 72489K, committed 73536K, reserved 1114112K
  class space    used 8696K, committed 9152K, reserved 1048576K
}
Event: 539.745 GC heap before
{Heap before GC invocations=342 (full 9):
 PSYoungGen      total 1536K, used 1183K [0x00000000eab00000, 0x00000000eae00000, 0x0000000100000000)
  eden space 1024K, 99% used [0x00000000eab00000,0x00000000eabffff8,0x00000000eac00000)
  from space 512K, 31% used [0x00000000ead80000,0x00000000eada8000,0x00000000eae00000)
  to   space 512K, 0% used [0x00000000ead00000,0x00000000ead00000,0x00000000ead80000)
 ParOldGen       total 65024K, used 61953K [0x00000000c0000000, 0x00000000c3f80000, 0x00000000eab00000)
  object space 65024K, 95% used [0x00000000c0000000,0x00000000c3c807c0,0x00000000c3f80000)
 Metaspace       used 72519K, committed 73536K, reserved 1114112K
  class space    used 8698K, committed 9152K, reserved 1048576K
}
Event: 539.747 GC heap after
{Heap after GC invocations=342 (full 9):
 PSYoungGen      total 1536K, used 192K [0x00000000eab00000, 0x00000000eae00000, 0x0000000100000000)
  eden space 1024K, 0% used [0x00000000eab00000,0x00000000eab00000,0x00000000eac00000)
  from space 512K, 37% used [0x00000000ead00000,0x00000000ead30000,0x00000000ead80000)
  to   space 512K, 0% used [0x00000000ead80000,0x00000000ead80000,0x00000000eae00000)
 ParOldGen       total 65024K, used 61993K [0x00000000c0000000, 0x00000000c3f80000, 0x00000000eab00000)
  object space 65024K, 95% used [0x00000000c0000000,0x00000000c3c8a7c0,0x00000000c3f80000)
 Metaspace       used 72519K, committed 73536K, reserved 1114112K
  class space    used 8698K, committed 9152K, reserved 1048576K
}
Event: 540.246 GC heap before
{Heap before GC invocations=343 (full 9):
 PSYoungGen      total 1536K, used 1216K [0x00000000eab00000, 0x00000000eae00000, 0x0000000100000000)
  eden space 1024K, 100% used [0x00000000eab00000,0x00000000eac00000,0x00000000eac00000)
  from space 512K, 37% used [0x00000000ead00000,0x00000000ead30000,0x00000000ead80000)
  to   space 512K, 0% used [0x00000000ead80000,0x00000000ead80000,0x00000000eae00000)
 ParOldGen       total 65024K, used 61993K [0x00000000c0000000, 0x00000000c3f80000, 0x00000000eab00000)
  object space 65024K, 95% used [0x00000000c0000000,0x00000000c3c8a7c0,0x00000000c3f80000)
 Metaspace       used 72559K, committed 73600K, reserved 1114112K
  class space    used 8702K, committed 9152K, reserved 1048576K
}
Event: 540.248 GC heap after
{Heap after GC invocations=343 (full 9):
 PSYoungGen      total 1536K, used 373K [0x00000000eab00000, 0x00000000eae00000, 0x0000000100000000)
  eden space 1024K, 0% used [0x00000000eab00000,0x00000000eab00000,0x00000000eac00000)
  from space 512K, 73% used [0x00000000ead80000,0x00000000eaddd780,0x00000000eae00000)
  to   space 512K, 0% used [0x00000000ead00000,0x00000000ead00000,0x00000000ead80000)
 ParOldGen       total 65024K, used 62017K [0x00000000c0000000, 0x00000000c3f80000, 0x00000000eab00000)
  object space 65024K, 95% used [0x00000000c0000000,0x00000000c3c907c0,0x00000000c3f80000)
 Metaspace       used 72559K, committed 73600K, reserved 1114112K
  class space    used 8702K, committed 9152K, reserved 1048576K
}
Event: 540.310 GC heap before
{Heap before GC invocations=344 (full 9):
 PSYoungGen      total 1536K, used 1397K [0x00000000eab00000, 0x00000000eae00000, 0x0000000100000000)
  eden space 1024K, 100% used [0x00000000eab00000,0x00000000eac00000,0x00000000eac00000)
  from space 512K, 73% used [0x00000000ead80000,0x00000000eaddd780,0x00000000eae00000)
  to   space 512K, 0% used [0x00000000ead00000,0x00000000ead00000,0x00000000ead80000)
 ParOldGen       total 65024K, used 62017K [0x00000000c0000000, 0x00000000c3f80000, 0x00000000eab00000)
  object space 65024K, 95% used [0x00000000c0000000,0x00000000c3c907c0,0x00000000c3f80000)
 Metaspace       used 72612K, committed 73600K, reserved 1114112K
  class space    used 8711K, committed 9152K, reserved 1048576K
}
Event: 540.313 GC heap after
{Heap after GC invocations=344 (full 9):
 PSYoungGen      total 1536K, used 474K [0x00000000eab00000, 0x00000000eae00000, 0x0000000100000000)
  eden space 1024K, 0% used [0x00000000eab00000,0x00000000eab00000,0x00000000eac00000)
  from space 512K, 92% used [0x00000000ead00000,0x00000000ead76a50,0x00000000ead80000)
  to   space 512K, 0% used [0x00000000ead80000,0x00000000ead80000,0x00000000eae00000)
 ParOldGen       total 65024K, used 62097K [0x00000000c0000000, 0x00000000c3f80000, 0x00000000eab00000)
  object space 65024K, 95% used [0x00000000c0000000,0x00000000c3ca47c0,0x00000000c3f80000)
 Metaspace       used 72612K, committed 73600K, reserved 1114112K
  class space    used 8711K, committed 9152K, reserved 1048576K
}
Event: 540.336 GC heap before
{Heap before GC invocations=345 (full 9):
 PSYoungGen      total 1536K, used 1487K [0x00000000eab00000, 0x00000000eae00000, 0x0000000100000000)
  eden space 1024K, 98% used [0x00000000eab00000,0x00000000eabfd288,0x00000000eac00000)
  from space 512K, 92% used [0x00000000ead00000,0x00000000ead76a50,0x00000000ead80000)
  to   space 512K, 0% used [0x00000000ead80000,0x00000000ead80000,0x00000000eae00000)
 ParOldGen       total 65024K, used 62097K [0x00000000c0000000, 0x00000000c3f80000, 0x00000000eab00000)
  object space 65024K, 95% used [0x00000000c0000000,0x00000000c3ca47c0,0x00000000c3f80000)
 Metaspace       used 72647K, committed 73664K, reserved 1114112K
  class space    used 8717K, committed 9152K, reserved 1048576K
}
Event: 540.339 GC heap after
{Heap after GC invocations=345 (full 9):
 PSYoungGen      total 1536K, used 510K [0x00000000eab00000, 0x00000000eae00000, 0x0000000100000000)
  eden space 1024K, 0% used [0x00000000eab00000,0x00000000eab00000,0x00000000eac00000)
  from space 512K, 99% used [0x00000000ead80000,0x00000000eadff9b0,0x00000000eae00000)
  to   space 1024K, 0% used [0x00000000eac00000,0x00000000eac00000,0x00000000ead00000)
 ParOldGen       total 65024K, used 62121K [0x00000000c0000000, 0x00000000c3f80000, 0x00000000eab00000)
  object space 65024K, 95% used [0x00000000c0000000,0x00000000c3caa7d0,0x00000000c3f80000)
 Metaspace       used 72647K, committed 73664K, reserved 1114112K
  class space    used 8717K, committed 9152K, reserved 1048576K
}
Event: 540.393 GC heap before
{Heap before GC invocations=346 (full 9):
 PSYoungGen      total 1536K, used 1534K [0x00000000eab00000, 0x00000000eae00000, 0x0000000100000000)
  eden space 1024K, 100% used [0x00000000eab00000,0x00000000eac00000,0x00000000eac00000)
  from space 512K, 99% used [0x00000000ead80000,0x00000000eadff9b0,0x00000000eae00000)
  to   space 1024K, 0% used [0x00000000eac00000,0x00000000eac00000,0x00000000ead00000)
 ParOldGen       total 65024K, used 62121K [0x00000000c0000000, 0x00000000c3f80000, 0x00000000eab00000)
  object space 65024K, 95% used [0x00000000c0000000,0x00000000c3caa7d0,0x00000000c3f80000)
 Metaspace       used 72650K, committed 73728K, reserved 1114112K
  class space    used 8717K, committed 9152K, reserved 1048576K
}
Event: 540.397 GC heap after
{Heap after GC invocations=346 (full 9):
 PSYoungGen      total 2048K, used 288K [0x00000000eab00000, 0x00000000eae00000, 0x0000000100000000)
  eden space 1024K, 0% used [0x00000000eab00000,0x00000000eab00000,0x00000000eac00000)
  from space 1024K, 28% used [0x00000000eac00000,0x00000000eac48000,0x00000000ead00000)
  to   space 512K, 0% used [0x00000000ead80000,0x00000000ead80000,0x00000000eae00000)
 ParOldGen       total 65024K, used 62537K [0x00000000c0000000, 0x00000000c3f80000, 0x00000000eab00000)
  object space 65024K, 96% used [0x00000000c0000000,0x00000000c3d127d8,0x00000000c3f80000)
 Metaspace       used 72650K, committed 73728K, reserved 1114112K
  class space    used 8717K, committed 9152K, reserved 1048576K
}

