# JRE version: OpenJDK Runtime Environment Temurin-17.0.8.1+1 (17.0.8.1+1) (build 17.0.8.1+1)
# Java VM: OpenJDK 64-Bit Server VM Temurin-17.0.8.1+1 (17.0.8.1+1, mixed mode, tiered, compressed oops, compressed class ptrs, parallel gc, windows-amd64)
GC Precious Log:
 CPUs: 4 total, 4 available
 Memory: 3838M
 Large Page Support: Disabled
 NUMA Support: Disabled
 Compressed Oops: Enabled (32-bit)
 Alignments: Space 512K, Generation 512K, Heap 2M
 Heap Min Capacity: 100M
 Heap Initial Capacity: 100M
 Heap Max Capacity: 1G
 Pre-touch: Disabled
 Parallel Workers: 4
Heap:
 PSYoungGen      total 21504K, used 5139K [0x00000000eab00000, 0x00000000ec380000, 0x0000000100000000)
  eden space 18944K, 13% used [0x00000000eab00000,0x00000000ead84e48,0x00000000ebd80000)
  from space 2560K, 100% used [0x00000000ebe80000,0x00000000ec100000,0x00000000ec100000)
  to   space 2560K, 0% used [0x00000000ec100000,0x00000000ec100000,0x00000000ec380000)
 ParOldGen       total 68608K, used 40304K [0x00000000c0000000, 0x00000000c4300000, 0x00000000eab00000)
  object space 68608K, 58% used [0x00000000c0000000,0x00000000c275c050,0x00000000c4300000)
 Metaspace       used 60026K, committed 61056K, reserved 1114112K
  class space    used 6925K, committed 7424K, reserved 1048576K
GC Heap History (20 events):
Event: 53.200 GC heap after
{Heap after GC invocations=17 (full 2):
 PSYoungGen      total 23552K, used 1527K [0x00000000eab00000, 0x00000000ec780000, 0x0000000100000000)
  eden space 22016K, 0% used [0x00000000eab00000,0x00000000eab00000,0x00000000ec080000)
  from space 1536K, 99% used [0x00000000ec080000,0x00000000ec1fdf80,0x00000000ec200000)
  to   space 3584K, 0% used [0x00000000ec400000,0x00000000ec400000,0x00000000ec780000)
 ParOldGen       total 68608K, used 18624K [0x00000000c0000000, 0x00000000c4300000, 0x00000000eab00000)
  object space 68608K, 27% used [0x00000000c0000000,0x00000000c12301b0,0x00000000c4300000)
 Metaspace       used 50780K, committed 51712K, reserved 1114112K
  class space    used 5537K, committed 6016K, reserved 1048576K
}
Event: 56.505 GC heap before
{Heap before GC invocations=18 (full 2):
 PSYoungGen      total 23552K, used 23539K [0x00000000eab00000, 0x00000000ec780000, 0x0000000100000000)
  eden space 22016K, 99% used [0x00000000eab00000,0x00000000ec07eca0,0x00000000ec080000)
  from space 1536K, 99% used [0x00000000ec080000,0x00000000ec1fdf80,0x00000000ec200000)
  to   space 3584K, 0% used [0x00000000ec400000,0x00000000ec400000,0x00000000ec780000)
 ParOldGen       total 68608K, used 18624K [0x00000000c0000000, 0x00000000c4300000, 0x00000000eab00000)
  object space 68608K, 27% used [0x00000000c0000000,0x00000000c12301b0,0x00000000c4300000)
 Metaspace       used 51610K, committed 52608K, reserved 1114112K
  class space    used 5610K, committed 6080K, reserved 1048576K
}
Event: 56.518 GC heap after
{Heap after GC invocations=18 (full 2):
 PSYoungGen      total 22528K, used 3558K [0x00000000eab00000, 0x00000000ecd80000, 0x0000000100000000)
  eden space 18944K, 0% used [0x00000000eab00000,0x00000000eab00000,0x00000000ebd80000)
  from space 3584K, 99% used [0x00000000ec400000,0x00000000ec779948,0x00000000ec780000)
  to   space 6656K, 0% used [0x00000000ebd80000,0x00000000ebd80000,0x00000000ec400000)
 ParOldGen       total 68608K, used 21116K [0x00000000c0000000, 0x00000000c4300000, 0x00000000eab00000)
  object space 68608K, 30% used [0x00000000c0000000,0x00000000c149f398,0x00000000c4300000)
 Metaspace       used 51610K, committed 52608K, reserved 1114112K
  class space    used 5610K, committed 6080K, reserved 1048576K
}
Event: 57.546 GC heap before
{Heap before GC invocations=19 (full 2):
 PSYoungGen      total 22528K, used 22500K [0x00000000eab00000, 0x00000000ecd80000, 0x0000000100000000)
  eden space 18944K, 99% used [0x00000000eab00000,0x00000000ebd7fa60,0x00000000ebd80000)
  from space 3584K, 99% used [0x00000000ec400000,0x00000000ec779948,0x00000000ec780000)
  to   space 6656K, 0% used [0x00000000ebd80000,0x00000000ebd80000,0x00000000ec400000)
 ParOldGen       total 68608K, used 21116K [0x00000000c0000000, 0x00000000c4300000, 0x00000000eab00000)
  object space 68608K, 30% used [0x00000000c0000000,0x00000000c149f398,0x00000000c4300000)
 Metaspace       used 52694K, committed 53696K, reserved 1114112K
  class space    used 5796K, committed 6272K, reserved 1048576K
}
Event: 57.557 GC heap after
{Heap after GC invocations=19 (full 2):
 PSYoungGen      total 22016K, used 2628K [0x00000000eab00000, 0x00000000ec580000, 0x0000000100000000)
  eden space 18944K, 0% used [0x00000000eab00000,0x00000000eab00000,0x00000000ebd80000)
  from space 3072K, 85% used [0x00000000ebd80000,0x00000000ec0112c8,0x00000000ec080000)
  to   space 4096K, 0% used [0x00000000ec180000,0x00000000ec180000,0x00000000ec580000)
 ParOldGen       total 68608K, used 24673K [0x00000000c0000000, 0x00000000c4300000, 0x00000000eab00000)
  object space 68608K, 35% used [0x00000000c0000000,0x00000000c1818480,0x00000000c4300000)
 Metaspace       used 52694K, committed 53696K, reserved 1114112K
  class space    used 5796K, committed 6272K, reserved 1048576K
}
Event: 59.292 GC heap before
{Heap before GC invocations=20 (full 2):
 PSYoungGen      total 22016K, used 21560K [0x00000000eab00000, 0x00000000ec580000, 0x0000000100000000)
  eden space 18944K, 99% used [0x00000000eab00000,0x00000000ebd7cf90,0x00000000ebd80000)
  from space 3072K, 85% used [0x00000000ebd80000,0x00000000ec0112c8,0x00000000ec080000)
  to   space 4096K, 0% used [0x00000000ec180000,0x00000000ec180000,0x00000000ec580000)
 ParOldGen       total 68608K, used 24673K [0x00000000c0000000, 0x00000000c4300000, 0x00000000eab00000)
  object space 68608K, 35% used [0x00000000c0000000,0x00000000c1818480,0x00000000c4300000)
 Metaspace       used 53916K, committed 54976K, reserved 1114112K
  class space    used 5990K, committed 6464K, reserved 1048576K
}
Event: 59.310 GC heap after
{Heap after GC invocations=20 (full 2):
 PSYoungGen      total 21504K, used 2278K [0x00000000eab00000, 0x00000000ec400000, 0x0000000100000000)
  eden space 18944K, 0% used [0x00000000eab00000,0x00000000eab00000,0x00000000ebd80000)
  from space 2560K, 88% used [0x00000000ec180000,0x00000000ec3b9960,0x00000000ec400000)
  to   space 3072K, 0% used [0x00000000ebe00000,0x00000000ebe00000,0x00000000ec100000)
 ParOldGen       total 68608K, used 30236K [0x00000000c0000000, 0x00000000c4300000, 0x00000000eab00000)
  object space 68608K, 44% used [0x00000000c0000000,0x00000000c1d87260,0x00000000c4300000)
 Metaspace       used 53916K, committed 54976K, reserved 1114112K
  class space    used 5990K, committed 6464K, reserved 1048576K
}
Event: 61.270 GC heap before
{Heap before GC invocations=21 (full 2):
 PSYoungGen      total 21504K, used 21222K [0x00000000eab00000, 0x00000000ec400000, 0x0000000100000000)
  eden space 18944K, 100% used [0x00000000eab00000,0x00000000ebd80000,0x00000000ebd80000)
  from space 2560K, 88% used [0x00000000ec180000,0x00000000ec3b9960,0x00000000ec400000)
  to   space 3072K, 0% used [0x00000000ebe00000,0x00000000ebe00000,0x00000000ec100000)
 ParOldGen       total 68608K, used 30236K [0x00000000c0000000, 0x00000000c4300000, 0x00000000eab00000)
  object space 68608K, 44% used [0x00000000c0000000,0x00000000c1d87260,0x00000000c4300000)
 Metaspace       used 55378K, committed 56384K, reserved 1114112K
  class space    used 6194K, committed 6656K, reserved 1048576K
}
Event: 61.276 GC heap after
{Heap after GC invocations=21 (full 2):
 PSYoungGen      total 19968K, used 704K [0x00000000eab00000, 0x00000000ec200000, 0x0000000100000000)
  eden space 18944K, 0% used [0x00000000eab00000,0x00000000eab00000,0x00000000ebd80000)
  from space 1024K, 68% used [0x00000000ebe00000,0x00000000ebeb0000,0x00000000ebf00000)
  to   space 1536K, 0% used [0x00000000ec080000,0x00000000ec080000,0x00000000ec200000)
 ParOldGen       total 68608K, used 32407K [0x00000000c0000000, 0x00000000c4300000, 0x00000000eab00000)
  object space 68608K, 47% used [0x00000000c0000000,0x00000000c1fa5eb8,0x00000000c4300000)
 Metaspace       used 55378K, committed 56384K, reserved 1114112K
  class space    used 6194K, committed 6656K, reserved 1048576K
}
Event: 62.090 GC heap before
{Heap before GC invocations=22 (full 2):
 PSYoungGen      total 19968K, used 19525K [0x00000000eab00000, 0x00000000ec200000, 0x0000000100000000)
  eden space 18944K, 99% used [0x00000000eab00000,0x00000000ebd616e0,0x00000000ebd80000)
  from space 1024K, 68% used [0x00000000ebe00000,0x00000000ebeb0000,0x00000000ebf00000)
  to   space 1536K, 0% used [0x00000000ec080000,0x00000000ec080000,0x00000000ec200000)
 ParOldGen       total 68608K, used 32407K [0x00000000c0000000, 0x00000000c4300000, 0x00000000eab00000)
  object space 68608K, 47% used [0x00000000c0000000,0x00000000c1fa5eb8,0x00000000c4300000)
 Metaspace       used 55439K, committed 56384K, reserved 1114112K
  class space    used 6196K, committed 6656K, reserved 1048576K
}
Event: 62.094 GC heap after
{Heap after GC invocations=22 (full 2):
 PSYoungGen      total 20480K, used 1368K [0x00000000eab00000, 0x00000000ec200000, 0x0000000100000000)
  eden space 18944K, 0% used [0x00000000eab00000,0x00000000eab00000,0x00000000ebd80000)
  from space 1536K, 89% used [0x00000000ec080000,0x00000000ec1d6348,0x00000000ec200000)
  to   space 1536K, 0% used [0x00000000ebf00000,0x00000000ebf00000,0x00000000ec080000)
 ParOldGen       total 68608K, used 33018K [0x00000000c0000000, 0x00000000c4300000, 0x00000000eab00000)
  object space 68608K, 48% used [0x00000000c0000000,0x00000000c203ea00,0x00000000c4300000)
 Metaspace       used 55439K, committed 56384K, reserved 1114112K
  class space    used 6196K, committed 6656K, reserved 1048576K
}
Event: 63.178 GC heap before
{Heap before GC invocations=23 (full 2):
 PSYoungGen      total 20480K, used 20312K [0x00000000eab00000, 0x00000000ec200000, 0x0000000100000000)
  eden space 18944K, 100% used [0x00000000eab00000,0x00000000ebd80000,0x00000000ebd80000)
  from space 1536K, 89% used [0x00000000ec080000,0x00000000ec1d6348,0x00000000ec200000)
  to   space 1536K, 0% used [0x00000000ebf00000,0x00000000ebf00000,0x00000000ec080000)
 ParOldGen       total 68608K, used 33018K [0x00000000c0000000, 0x00000000c4300000, 0x00000000eab00000)
  object space 68608K, 48% used [0x00000000c0000000,0x00000000c203ea00,0x00000000c4300000)
 Metaspace       used 56027K, committed 57088K, reserved 1114112K
  class space    used 6323K, committed 6784K, reserved 1048576K
}
Event: 63.188 GC heap after
{Heap after GC invocations=23 (full 2):
 PSYoungGen      total 20480K, used 1517K [0x00000000eab00000, 0x00000000ec880000, 0x0000000100000000)
  eden space 18944K, 0% used [0x00000000eab00000,0x00000000eab00000,0x00000000ebd80000)
  from space 1536K, 98% used [0x00000000ebf00000,0x00000000ec07b730,0x00000000ec080000)
  to   space 5632K, 0% used [0x00000000ec300000,0x00000000ec300000,0x00000000ec880000)
 ParOldGen       total 68608K, used 36386K [0x00000000c0000000, 0x00000000c4300000, 0x00000000eab00000)
  object space 68608K, 53% used [0x00000000c0000000,0x00000000c2388b30,0x00000000c4300000)
 Metaspace       used 56027K, committed 57088K, reserved 1114112K
  class space    used 6323K, committed 6784K, reserved 1048576K
}
Event: 64.696 GC heap before
{Heap before GC invocations=24 (full 2):
 PSYoungGen      total 20480K, used 20461K [0x00000000eab00000, 0x00000000ec880000, 0x0000000100000000)
  eden space 18944K, 100% used [0x00000000eab00000,0x00000000ebd80000,0x00000000ebd80000)
  from space 1536K, 98% used [0x00000000ebf00000,0x00000000ec07b730,0x00000000ec080000)
  to   space 5632K, 0% used [0x00000000ec300000,0x00000000ec300000,0x00000000ec880000)
 ParOldGen       total 68608K, used 36386K [0x00000000c0000000, 0x00000000c4300000, 0x00000000eab00000)
  object space 68608K, 53% used [0x00000000c0000000,0x00000000c2388b30,0x00000000c4300000)
 Metaspace       used 57397K, committed 58368K, reserved 1114112K
  class space    used 6550K, committed 6976K, reserved 1048576K
}
Event: 64.707 GC heap after
{Heap after GC invocations=24 (full 2):
 PSYoungGen      total 20480K, used 1462K [0x00000000eab00000, 0x00000000ec480000, 0x0000000100000000)
  eden space 18944K, 0% used [0x00000000eab00000,0x00000000eab00000,0x00000000ebd80000)
  from space 1536K, 95% used [0x00000000ec300000,0x00000000ec46d808,0x00000000ec480000)
  to   space 3072K, 0% used [0x00000000ebe80000,0x00000000ebe80000,0x00000000ec180000)
 ParOldGen       total 68608K, used 37880K [0x00000000c0000000, 0x00000000c4300000, 0x00000000eab00000)
  object space 68608K, 55% used [0x00000000c0000000,0x00000000c24fe160,0x00000000c4300000)
 Metaspace       used 57397K, committed 58368K, reserved 1114112K
  class space    used 6550K, committed 6976K, reserved 1048576K
}
Event: 66.049 GC heap before
{Heap before GC invocations=25 (full 2):
 PSYoungGen      total 20480K, used 17038K [0x00000000eab00000, 0x00000000ec480000, 0x0000000100000000)
  eden space 18944K, 82% used [0x00000000eab00000,0x00000000eba363a8,0x00000000ebd80000)
  from space 1536K, 95% used [0x00000000ec300000,0x00000000ec46d808,0x00000000ec480000)
  to   space 3072K, 0% used [0x00000000ebe80000,0x00000000ebe80000,0x00000000ec180000)
 ParOldGen       total 68608K, used 37880K [0x00000000c0000000, 0x00000000c4300000, 0x00000000eab00000)
  object space 68608K, 55% used [0x00000000c0000000,0x00000000c24fe160,0x00000000c4300000)
 Metaspace       used 58715K, committed 59776K, reserved 1114112K
  class space    used 6783K, committed 7296K, reserved 1048576K
}
Event: 66.061 GC heap after
{Heap after GC invocations=25 (full 2):
 PSYoungGen      total 22016K, used 780K [0x00000000eab00000, 0x00000000ec380000, 0x0000000100000000)
  eden space 18944K, 0% used [0x00000000eab00000,0x00000000eab00000,0x00000000ebd80000)
  from space 3072K, 25% used [0x00000000ebe80000,0x00000000ebf43008,0x00000000ec180000)
  to   space 1536K, 0% used [0x00000000ec200000,0x00000000ec200000,0x00000000ec380000)
 ParOldGen       total 68608K, used 39213K [0x00000000c0000000, 0x00000000c4300000, 0x00000000eab00000)
  object space 68608K, 57% used [0x00000000c0000000,0x00000000c264b4b8,0x00000000c4300000)
 Metaspace       used 58715K, committed 59776K, reserved 1114112K
  class space    used 6783K, committed 7296K, reserved 1048576K
}
Event: 66.061 GC heap before
{Heap before GC invocations=26 (full 3):
 PSYoungGen      total 22016K, used 780K [0x00000000eab00000, 0x00000000ec380000, 0x0000000100000000)
  eden space 18944K, 0% used [0x00000000eab00000,0x00000000eab00000,0x00000000ebd80000)
  from space 3072K, 25% used [0x00000000ebe80000,0x00000000ebf43008,0x00000000ec180000)
  to   space 1536K, 0% used [0x00000000ec200000,0x00000000ec200000,0x00000000ec380000)
 ParOldGen       total 68608K, used 39213K [0x00000000c0000000, 0x00000000c4300000, 0x00000000eab00000)
  object space 68608K, 57% used [0x00000000c0000000,0x00000000c264b4b8,0x00000000c4300000)
 Metaspace       used 58715K, committed 59776K, reserved 1114112K
  class space    used 6783K, committed 7296K, reserved 1048576K
}
Event: 66.285 GC heap after
{Heap after GC invocations=26 (full 3):
 PSYoungGen      total 22016K, used 0K [0x00000000eab00000, 0x00000000ec380000, 0x0000000100000000)
  eden space 18944K, 0% used [0x00000000eab00000,0x00000000eab00000,0x00000000ebd80000)
  from space 3072K, 0% used [0x00000000ebe80000,0x00000000ebe80000,0x00000000ec180000)
  to   space 1536K, 0% used [0x00000000ec200000,0x00000000ec200000,0x00000000ec380000)
 ParOldGen       total 68608K, used 38269K [0x00000000c0000000, 0x00000000c4300000, 0x00000000eab00000)
  object space 68608K, 55% used [0x00000000c0000000,0x00000000c255f748,0x00000000c4300000)
 Metaspace       used 58715K, committed 59776K, reserved 1114112K
  class space    used 6783K, committed 7296K, reserved 1048576K
}
Event: 68.006 GC heap before
{Heap before GC invocations=27 (full 3):
 PSYoungGen      total 22016K, used 18944K [0x00000000eab00000, 0x00000000ec380000, 0x0000000100000000)
  eden space 18944K, 100% used [0x00000000eab00000,0x00000000ebd80000,0x00000000ebd80000)
  from space 3072K, 0% used [0x00000000ebe80000,0x00000000ebe80000,0x00000000ec180000)
  to   space 1536K, 0% used [0x00000000ec200000,0x00000000ec200000,0x00000000ec380000)
 ParOldGen       total 68608K, used 38269K [0x00000000c0000000, 0x00000000c4300000, 0x00000000eab00000)
  object space 68608K, 55% used [0x00000000c0000000,0x00000000c255f748,0x00000000c4300000)
 Metaspace       used 59854K, committed 60864K, reserved 1114112K
  class space    used 6908K, committed 7360K, reserved 1048576K
}

