# JRE version: OpenJDK Runtime Environment (17.0.6) (build 17.0.6+0-b2043.56-10027231)
# Java VM: OpenJDK 64-Bit Server VM (17.0.6+0-b2043.56-10027231, mixed mode, tiered, compressed oops, compressed class ptrs, g1 gc, windows-amd64)
GC Precious Log:
 CPUs: 4 total, 4 available
 Memory: 3838M
 Large Page Support: Disabled
 NUMA Support: Disabled
 Compressed Oops: Enabled (32-bit)
 Heap Region Size: 1M
 Heap Min Capacity: 8M
 Heap Initial Capacity: 60M
 Heap Max Capacity: 2G
 Pre-touch: Disabled
 Parallel Workers: 4
 Concurrent Workers: 1
 Concurrent Refinement Workers: 4
 Periodic GC: Disabled
Heap:
 garbage-first heap   total 281600K, used 198454K [0x0000000080000000, 0x0000000100000000)
  region size 1024K, 25 young (25600K), 2 survivors (2048K)
 Metaspace       used 110050K, committed 110976K, reserved 1146880K
  class space    used 14748K, committed 15168K, reserved 1048576K
GC Heap History (20 events):
Event: 455.364 GC heap before
{Heap before GC invocations=71 (full 0):
 garbage-first heap   total 250880K, used 155116K [0x0000000080000000, 0x0000000100000000)
  region size 1024K, 12 young (12288K), 3 survivors (3072K)
 Metaspace       used 95159K, committed 96000K, reserved 1138688K
  class space    used 12960K, committed 13376K, reserved 1048576K
}
Event: 455.376 GC heap after
{Heap after GC invocations=72 (full 0):
 garbage-first heap   total 250880K, used 146870K [0x0000000080000000, 0x0000000100000000)
  region size 1024K, 1 young (1024K), 1 survivors (1024K)
 Metaspace       used 95159K, committed 96000K, reserved 1138688K
  class space    used 12960K, committed 13376K, reserved 1048576K
}
Event: 461.353 GC heap before
{Heap before GC invocations=72 (full 0):
 garbage-first heap   total 250880K, used 186806K [0x0000000080000000, 0x0000000100000000)
  region size 1024K, 40 young (40960K), 1 survivors (1024K)
 Metaspace       used 99195K, committed 100032K, reserved 1138688K
  class space    used 13537K, committed 13888K, reserved 1048576K
}
Event: 461.368 GC heap after
{Heap after GC invocations=73 (full 0):
 garbage-first heap   total 250880K, used 150101K [0x0000000080000000, 0x0000000100000000)
  region size 1024K, 4 young (4096K), 4 survivors (4096K)
 Metaspace       used 99195K, committed 100032K, reserved 1138688K
  class space    used 13537K, committed 13888K, reserved 1048576K
}
Event: 479.668 GC heap before
{Heap before GC invocations=74 (full 0):
 garbage-first heap   total 258048K, used 190037K [0x0000000080000000, 0x0000000100000000)
  region size 1024K, 44 young (45056K), 4 survivors (4096K)
 Metaspace       used 102197K, committed 103104K, reserved 1138688K
  class space    used 13849K, committed 14272K, reserved 1048576K
}
Event: 479.700 GC heap after
{Heap after GC invocations=75 (full 0):
 garbage-first heap   total 258048K, used 155077K [0x0000000080000000, 0x0000000100000000)
  region size 1024K, 6 young (6144K), 6 survivors (6144K)
 Metaspace       used 102197K, committed 103104K, reserved 1138688K
  class space    used 13849K, committed 14272K, reserved 1048576K
}
Event: 482.775 GC heap before
{Heap before GC invocations=75 (full 0):
 garbage-first heap   total 258048K, used 161221K [0x0000000080000000, 0x0000000100000000)
  region size 1024K, 12 young (12288K), 6 survivors (6144K)
 Metaspace       used 102276K, committed 103168K, reserved 1138688K
  class space    used 13849K, committed 14272K, reserved 1048576K
}
Event: 482.795 GC heap after
{Heap after GC invocations=76 (full 0):
 garbage-first heap   total 258048K, used 156266K [0x0000000080000000, 0x0000000100000000)
  region size 1024K, 2 young (2048K), 2 survivors (2048K)
 Metaspace       used 102276K, committed 103168K, reserved 1138688K
  class space    used 13849K, committed 14272K, reserved 1048576K
}
Event: 493.262 GC heap before
{Heap before GC invocations=76 (full 0):
 garbage-first heap   total 258048K, used 199274K [0x0000000080000000, 0x0000000100000000)
  region size 1024K, 45 young (46080K), 2 survivors (2048K)
 Metaspace       used 105536K, committed 106432K, reserved 1146880K
  class space    used 14214K, committed 14592K, reserved 1048576K
}
Event: 493.287 GC heap after
{Heap after GC invocations=77 (full 0):
 garbage-first heap   total 258048K, used 162030K [0x0000000080000000, 0x0000000100000000)
  region size 1024K, 6 young (6144K), 6 survivors (6144K)
 Metaspace       used 105536K, committed 106432K, reserved 1146880K
  class space    used 14214K, committed 14592K, reserved 1048576K
}
Event: 503.367 GC heap before
{Heap before GC invocations=78 (full 0):
 garbage-first heap   total 281600K, used 202990K [0x0000000080000000, 0x0000000100000000)
  region size 1024K, 46 young (47104K), 6 survivors (6144K)
 Metaspace       used 109193K, committed 110080K, reserved 1146880K
  class space    used 14703K, committed 15104K, reserved 1048576K
}
Event: 503.394 GC heap after
{Heap after GC invocations=79 (full 0):
 garbage-first heap   total 281600K, used 165770K [0x0000000080000000, 0x0000000100000000)
  region size 1024K, 4 young (4096K), 4 survivors (4096K)
 Metaspace       used 109193K, committed 110080K, reserved 1146880K
  class space    used 14703K, committed 15104K, reserved 1048576K
}
Event: 515.661 GC heap before
{Heap before GC invocations=79 (full 0):
 garbage-first heap   total 281600K, used 173962K [0x0000000080000000, 0x0000000100000000)
  region size 1024K, 13 young (13312K), 4 survivors (4096K)
 Metaspace       used 109372K, committed 110272K, reserved 1146880K
  class space    used 14719K, committed 15168K, reserved 1048576K
}
Event: 515.689 GC heap after
{Heap after GC invocations=80 (full 0):
 garbage-first heap   total 281600K, used 166388K [0x0000000080000000, 0x0000000100000000)
  region size 1024K, 1 young (1024K), 1 survivors (1024K)
 Metaspace       used 109372K, committed 110272K, reserved 1146880K
  class space    used 14719K, committed 15168K, reserved 1048576K
}
Event: 525.749 GC heap before
{Heap before GC invocations=80 (full 0):
 garbage-first heap   total 281600K, used 224756K [0x0000000080000000, 0x0000000100000000)
  region size 1024K, 56 young (57344K), 1 survivors (1024K)
 Metaspace       used 109846K, committed 110784K, reserved 1146880K
  class space    used 14748K, committed 15168K, reserved 1048576K
}
Event: 525.764 GC heap after
{Heap after GC invocations=81 (full 0):
 garbage-first heap   total 281600K, used 174080K [0x0000000080000000, 0x0000000100000000)
  region size 1024K, 7 young (7168K), 7 survivors (7168K)
 Metaspace       used 109846K, committed 110784K, reserved 1146880K
  class space    used 14748K, committed 15168K, reserved 1048576K
}
Event: 526.593 GC heap before
{Heap before GC invocations=81 (full 0):
 garbage-first heap   total 281600K, used 226304K [0x0000000080000000, 0x0000000100000000)
  region size 1024K, 59 young (60416K), 7 survivors (7168K)
 Metaspace       used 109999K, committed 110912K, reserved 1146880K
  class space    used 14748K, committed 15168K, reserved 1048576K
}
Event: 526.604 GC heap after
{Heap after GC invocations=82 (full 0):
 garbage-first heap   total 281600K, used 176229K [0x0000000080000000, 0x0000000100000000)
  region size 1024K, 2 young (2048K), 2 survivors (2048K)
 Metaspace       used 109999K, committed 110912K, reserved 1146880K
  class space    used 14748K, committed 15168K, reserved 1048576K
}
Event: 527.395 GC heap before
{Heap before GC invocations=82 (full 0):
 garbage-first heap   total 281600K, used 230501K [0x0000000080000000, 0x0000000100000000)
  region size 1024K, 55 young (56320K), 2 survivors (2048K)
 Metaspace       used 110024K, committed 110912K, reserved 1146880K
  class space    used 14748K, committed 15168K, reserved 1048576K
}
Event: 527.400 GC heap after
{Heap after GC invocations=83 (full 0):
 garbage-first heap   total 281600K, used 175926K [0x0000000080000000, 0x0000000100000000)
  region size 1024K, 2 young (2048K), 2 survivors (2048K)
 Metaspace       used 110024K, committed 110912K, reserved 1146880K
  class space    used 14748K, committed 15168K, reserved 1048576K
}

